{"contracts\\MedicalRecords.sol":{"l":{"70":35,"72":34,"73":34,"75":34,"84":34,"93":34,"95":34,"109":25,"110":24,"111":23,"112":22,"114":21,"123":21,"135":7,"136":6,"137":5,"139":4,"140":4,"143":4,"144":5,"145":4,"146":4,"150":4,"163":6,"164":5,"166":4,"180":26,"182":25,"184":25,"185":0,"189":25,"190":36,"192":36,"194":21,"195":3,"199":18,"200":1,"203":17,"207":4},"path":"D:\\vscode\\blockchain\\blockchain-ass3\\contracts\\MedicalRecords.sol","s":{"1":35,"2":34,"3":34,"4":34,"5":34,"6":25,"7":24,"8":23,"9":22,"10":21,"11":21,"12":7,"13":6,"14":5,"15":4,"16":4,"17":4,"18":5,"19":4,"20":6,"21":5,"22":4,"23":26,"24":25,"25":25,"26":0,"27":25,"28":36,"29":36,"30":21,"31":3,"32":18,"33":1,"34":17,"35":4},"b":{"1":[35,0],"2":[34,1],"3":[25,0],"4":[24,1],"5":[23,1],"6":[22,1],"7":[21,1],"8":[1,20],"9":[7,0],"10":[6,1],"11":[5,1],"12":[4,1],"13":[4,0],"14":[4,1],"15":[5,1],"16":[4,1],"17":[25,1],"18":[0,25],"19":[21,15],"20":[3,18],"21":[1,17]},"f":{"1":35,"2":25,"3":7,"4":6,"5":26},"fnMap":{"1":{"name":"addRecord","line":67,"loc":{"start":{"line":65,"column":4},"end":{"line":96,"column":4}}},"2":{"name":"grantAccess","line":108,"loc":{"start":{"line":104,"column":4},"end":{"line":124,"column":4}}},"3":{"name":"revokeAccess","line":133,"loc":{"start":{"line":131,"column":4},"end":{"line":151,"column":4}}},"4":{"name":"getRecord","line":158,"loc":{"start":{"line":158,"column":4},"end":{"line":167,"column":4}}},"5":{"name":"checkAccess","line":175,"loc":{"start":{"line":175,"column":4},"end":{"line":208,"column":4}}}},"statementMap":{"1":{"start":{"line":70,"column":8},"end":{"line":70,"column":70}},"2":{"start":{"line":72,"column":8},"end":{"line":72,"column":43}},"3":{"start":{"line":84,"column":8},"end":{"line":84,"column":2144}},"4":{"start":{"line":93,"column":8},"end":{"line":93,"column":78}},"5":{"start":{"line":95,"column":8},"end":{"line":95,"column":26}},"6":{"start":{"line":109,"column":8},"end":{"line":109,"column":66}},"7":{"start":{"line":110,"column":8},"end":{"line":110,"column":85}},"8":{"start":{"line":111,"column":8},"end":{"line":111,"column":59}},"9":{"start":{"line":112,"column":8},"end":{"line":112,"column":88}},"10":{"start":{"line":114,"column":8},"end":{"line":114,"column":3205}},"11":{"start":{"line":123,"column":8},"end":{"line":123,"column":74}},"12":{"start":{"line":135,"column":8},"end":{"line":135,"column":66}},"13":{"start":{"line":136,"column":8},"end":{"line":136,"column":86}},"14":{"start":{"line":137,"column":8},"end":{"line":137,"column":59}},"15":{"start":{"line":139,"column":8},"end":{"line":139,"column":57}},"16":{"start":{"line":140,"column":8},"end":{"line":140,"column":59}},"17":{"start":{"line":143,"column":8},"end":{"line":143,"column":4217}},"18":{"start":{"line":144,"column":12},"end":{"line":144,"column":4280}},"19":{"start":{"line":150,"column":8},"end":{"line":150,"column":61}},"20":{"start":{"line":163,"column":8},"end":{"line":163,"column":66}},"21":{"start":{"line":164,"column":8},"end":{"line":164,"column":78}},"22":{"start":{"line":166,"column":8},"end":{"line":166,"column":33}},"23":{"start":{"line":180,"column":8},"end":{"line":180,"column":66}},"24":{"start":{"line":182,"column":8},"end":{"line":182,"column":57}},"25":{"start":{"line":184,"column":8},"end":{"line":184,"column":5453}},"26":{"start":{"line":185,"column":12},"end":{"line":185,"column":24}},"27":{"start":{"line":189,"column":8},"end":{"line":189,"column":5592}},"28":{"start":{"line":190,"column":12},"end":{"line":190,"column":47}},"29":{"start":{"line":192,"column":12},"end":{"line":192,"column":5707}},"30":{"start":{"line":194,"column":16},"end":{"line":194,"column":5797}},"31":{"start":{"line":195,"column":20},"end":{"line":195,"column":32}},"32":{"start":{"line":199,"column":16},"end":{"line":199,"column":5930}},"33":{"start":{"line":200,"column":20},"end":{"line":200,"column":32}},"34":{"start":{"line":203,"column":16},"end":{"line":203,"column":27}},"35":{"start":{"line":207,"column":8},"end":{"line":207,"column":20}}},"branchMap":{"1":{"line":67,"type":"if","locations":[{"start":{"line":67,"column":8},"end":{"line":67,"column":8}},{"start":{"line":67,"column":8},"end":{"line":67,"column":8}}]},"2":{"line":70,"type":"if","locations":[{"start":{"line":70,"column":8},"end":{"line":70,"column":8}},{"start":{"line":70,"column":8},"end":{"line":70,"column":8}}]},"3":{"line":108,"type":"if","locations":[{"start":{"line":108,"column":15},"end":{"line":108,"column":15}},{"start":{"line":108,"column":15},"end":{"line":108,"column":15}}]},"4":{"line":109,"type":"if","locations":[{"start":{"line":109,"column":8},"end":{"line":109,"column":8}},{"start":{"line":109,"column":8},"end":{"line":109,"column":8}}]},"5":{"line":110,"type":"if","locations":[{"start":{"line":110,"column":8},"end":{"line":110,"column":8}},{"start":{"line":110,"column":8},"end":{"line":110,"column":8}}]},"6":{"line":111,"type":"if","locations":[{"start":{"line":111,"column":8},"end":{"line":111,"column":8}},{"start":{"line":111,"column":8},"end":{"line":111,"column":8}}]},"7":{"line":112,"type":"if","locations":[{"start":{"line":112,"column":8},"end":{"line":112,"column":8}},{"start":{"line":112,"column":8},"end":{"line":112,"column":8}}]},"8":{"line":112,"type":"cond-expr","locations":[{"start":{"line":112,"column":16},"end":{"line":112,"column":31}},{"start":{"line":112,"column":36},"end":{"line":112,"column":64}}]},"9":{"line":133,"type":"if","locations":[{"start":{"line":133,"column":8},"end":{"line":133,"column":8}},{"start":{"line":133,"column":8},"end":{"line":133,"column":8}}]},"10":{"line":135,"type":"if","locations":[{"start":{"line":135,"column":8},"end":{"line":135,"column":8}},{"start":{"line":135,"column":8},"end":{"line":135,"column":8}}]},"11":{"line":136,"type":"if","locations":[{"start":{"line":136,"column":8},"end":{"line":136,"column":8}},{"start":{"line":136,"column":8},"end":{"line":136,"column":8}}]},"12":{"line":137,"type":"if","locations":[{"start":{"line":137,"column":8},"end":{"line":137,"column":8}},{"start":{"line":137,"column":8},"end":{"line":137,"column":8}}]},"13":{"line":140,"type":"if","locations":[{"start":{"line":140,"column":8},"end":{"line":140,"column":8}},{"start":{"line":140,"column":8},"end":{"line":140,"column":8}}]},"14":{"line":144,"type":"if","locations":[{"start":{"line":144,"column":12},"end":{"line":144,"column":12}},{"start":{"line":144,"column":12},"end":{"line":144,"column":12}}]},"15":{"line":163,"type":"if","locations":[{"start":{"line":163,"column":8},"end":{"line":163,"column":8}},{"start":{"line":163,"column":8},"end":{"line":163,"column":8}}]},"16":{"line":164,"type":"if","locations":[{"start":{"line":164,"column":8},"end":{"line":164,"column":8}},{"start":{"line":164,"column":8},"end":{"line":164,"column":8}}]},"17":{"line":180,"type":"if","locations":[{"start":{"line":180,"column":8},"end":{"line":180,"column":8}},{"start":{"line":180,"column":8},"end":{"line":180,"column":8}}]},"18":{"line":184,"type":"if","locations":[{"start":{"line":184,"column":8},"end":{"line":184,"column":8}},{"start":{"line":184,"column":8},"end":{"line":184,"column":8}}]},"19":{"line":192,"type":"if","locations":[{"start":{"line":192,"column":12},"end":{"line":192,"column":12}},{"start":{"line":192,"column":12},"end":{"line":192,"column":12}}]},"20":{"line":194,"type":"if","locations":[{"start":{"line":194,"column":16},"end":{"line":194,"column":16}},{"start":{"line":194,"column":16},"end":{"line":194,"column":16}}]},"21":{"line":199,"type":"if","locations":[{"start":{"line":199,"column":16},"end":{"line":199,"column":16}},{"start":{"line":199,"column":16},"end":{"line":199,"column":16}}]}}}}